<?xml version="1.0" encoding="UTF-8"?>
<!-- Generated by org.testng.reporters.JUnitReportReporter -->
<testsuite skipped="0" hostname="DESKTOP-UTHNJ9C" name="test.Day3" tests="4" failures="0" timestamp="22 Apr 2020 17:03:12 GMT" time="0.018" errors="0">
  <testcase name="test123" time="0.000" classname="test.Day3"/>
  <testcase name="abc1234" time="0.000" classname="test.Day3"/>
  <testcase name="abc123" time="0.018" classname="test.Day3"/>
  <testcase name="test1234" time="0.000" classname="test.Day3"/>
</testsuite> <!-- test.Day3 -->
