<?xml version="1.0" encoding="UTF-8"?>
<!-- Generated by org.testng.reporters.JUnitReportReporter -->
<testsuite skipped="0" hostname="DESKTOP-UTHNJ9C" name="test.Day4" tests="2" failures="0" timestamp="22 Apr 2020 16:14:58 GMT" time="0.000" errors="0">
  <testcase name="test123" time="0.000" classname="test.Day4"/>
  <testcase name="test1234" time="0.000" classname="test.Day4"/>
</testsuite> <!-- test.Day4 -->
