<?xml version="1.0" encoding="UTF-8"?>
<!-- Generated by org.testng.reporters.JUnitReportReporter -->
<testsuite skipped="0" hostname="DESKTOP-UTHNJ9C" name="test.Day1" tests="3" failures="0" timestamp="23 Apr 2020 07:28:55 GMT" time="0.017" errors="0">
  <testcase name="test1231" time="0.002" classname="test.Day1"/>
  <testcase name="test1234" time="0.001" classname="test.Day1"/>
  <testcase name="test123" time="0.014" classname="test.Day1"/>
</testsuite> <!-- test.Day1 -->
